<?xml version="1.0" encoding="UTF-8"?>
<!-- Generated by org.testng.reporters.JUnitReportReporter -->
<testsuite name="com.tekarch.widget.Accordian" tests="1" time="2.008" ignored="0" failures="0" timestamp="19 Feb 2021 05:33:13 GMT" skipped="0" hostname="DESKTOP-JI5EG7N" errors="0">
  <testcase name="To_check_whether_Accordian_widget_is_working_fine" time="2.008" classname="com.tekarch.widget.Accordian"/>
</testsuite> <!-- com.tekarch.widget.Accordian -->
