<?xml version="1.0" encoding="UTF-8"?>
<!-- Generated by org.testng.reporters.JUnitReportReporter -->
<testsuite name="com.tekarch.login.loginTekApp" tests="2" time="5.144" ignored="0" failures="0" timestamp="19 Feb 2021 05:33:13 GMT" skipped="0" hostname="DESKTOP-JI5EG7N" errors="0">
  <testcase name="To_check_Error_For_Invalid_Login" time="3.307" classname="com.tekarch.login.loginTekApp"/>
  <testcase name="to_Check_Whether_Login_Happening_Or_Not" time="1.837" classname="com.tekarch.login.loginTekApp"/>
</testsuite> <!-- com.tekarch.login.loginTekApp -->
